build/app/intermediates/manifest_merge_blame_file/debug/manifest-merger-blame-debug-report.txt
1<?xml version="1.0" encoding="utf-8"?>
2<manifest xmlns:android="http://schemas.android.com/apk/res/android"
3    package="com.example.jct"
4    android:versionCode="1"
5    android:versionName="1.0.0" >
6
7    <uses-sdk
8        android:minSdkVersion="19"
9        android:targetSdkVersion="33" />
10    <!--
11         The INTERNET permission is required for development. Specifically,
12         the Flutter tool needs it to communicate with the running application
13         to allow setting breakpoints, to provide hot reload, etc.
14    -->
15    <uses-permission android:name="android.permission.INTERNET" />
15-->src/debug/AndroidManifest.xml:6:5-66
15-->src/debug/AndroidManifest.xml:6:22-64
16    <uses-permission android:name="android.permission.ACCESS_NETWORK_STATE" />
16-->[com.google.firebase:firebase-auth:22.1.2] AndroidManifest.xml:26:5-79
16-->[com.google.firebase:firebase-auth:22.1.2] AndroidManifest.xml:26:22-76
17    <uses-permission android:name="android.permission.WAKE_LOCK" />
17-->[com.google.android.gms:play-services-measurement-api:21.3.0] AndroidManifest.xml:24:5-68
17-->[com.google.android.gms:play-services-measurement-api:21.3.0] AndroidManifest.xml:24:22-65
18    <uses-permission android:name="com.google.android.gms.permission.AD_ID" />
18-->[com.google.android.gms:play-services-measurement-api:21.3.0] AndroidManifest.xml:25:5-79
18-->[com.google.android.gms:play-services-measurement-api:21.3.0] AndroidManifest.xml:25:22-76
19    <uses-permission android:name="com.google.android.finsky.permission.BIND_GET_INSTALL_REFERRER_SERVICE" />
19-->[com.google.android.gms:play-services-measurement:21.3.0] AndroidManifest.xml:26:5-110
19-->[com.google.android.gms:play-services-measurement:21.3.0] AndroidManifest.xml:26:22-107
20
21    <permission
21-->[androidx.core:core:1.10.1] AndroidManifest.xml:22:5-24:47
22        android:name="com.example.jct.DYNAMIC_RECEIVER_NOT_EXPORTED_PERMISSION"
22-->[androidx.core:core:1.10.1] AndroidManifest.xml:23:9-81
23        android:protectionLevel="signature" />
23-->[androidx.core:core:1.10.1] AndroidManifest.xml:24:9-44
24
25    <uses-permission android:name="com.example.jct.DYNAMIC_RECEIVER_NOT_EXPORTED_PERMISSION" />
25-->[androidx.core:core:1.10.1] AndroidManifest.xml:26:5-97
25-->[androidx.core:core:1.10.1] AndroidManifest.xml:26:22-94
26
27    <application
28        android:name="android.app.Application"
29        android:appComponentFactory="androidx.core.app.CoreComponentFactory"
29-->[androidx.core:core:1.10.1] AndroidManifest.xml:28:18-86
30        android:debuggable="true"
31        android:icon="@mipmap/ic_launcher"
32        android:label="JCT" >
33        <activity
34            android:name="com.example.jct.MainActivity"
35            android:configChanges="orientation|keyboardHidden|keyboard|screenSize|smallestScreenSize|locale|layoutDirection|fontScale|screenLayout|density|uiMode"
36            android:exported="true"
37            android:hardwareAccelerated="true"
38            android:launchMode="singleTop"
39            android:theme="@style/LaunchTheme"
40            android:windowSoftInputMode="adjustResize" >
41
42            <!--
43                 Specifies an Android theme to apply to this Activity as soon as
44                 the Android process has started. This theme is visible to the user
45                 while the Flutter UI initializes. After that, this theme continues
46                 to determine the Window background behind the Flutter UI.
47            -->
48            <meta-data
49                android:name="io.flutter.embedding.android.NormalTheme"
50                android:resource="@style/NormalTheme" />
51
52            <intent-filter>
53                <action android:name="android.intent.action.MAIN" />
54
55                <category android:name="android.intent.category.LAUNCHER" />
56            </intent-filter>
57        </activity>
58        <!--
59             Don't delete the meta-data below.
60             This is used by the Flutter tool to generate GeneratedPluginRegistrant.java
61        -->
62        <meta-data
63            android:name="flutterEmbedding"
64            android:value="2" />
65
66        <service
66-->[:firebase_auth] AndroidManifest.xml:10:9-14:19
67            android:name="com.google.firebase.components.ComponentDiscoveryService"
67-->[:firebase_auth] AndroidManifest.xml:10:18-89
68            android:directBootAware="true"
68-->[com.google.firebase:firebase-common:20.3.3] AndroidManifest.xml:34:13-43
69            android:exported="false" >
69-->[com.google.firebase:firebase-auth:22.1.2] AndroidManifest.xml:68:13-37
70            <meta-data
70-->[:firebase_auth] AndroidManifest.xml:11:13-13:85
71                android:name="com.google.firebase.components:io.flutter.plugins.firebase.auth.FlutterFirebaseAuthRegistrar"
71-->[:firebase_auth] AndroidManifest.xml:12:17-124
72                android:value="com.google.firebase.components.ComponentRegistrar" />
72-->[:firebase_auth] AndroidManifest.xml:13:17-82
73            <meta-data
73-->[:firebase_core] AndroidManifest.xml:11:13-13:85
74                android:name="com.google.firebase.components:io.flutter.plugins.firebase.core.FlutterFirebaseCoreRegistrar"
74-->[:firebase_core] AndroidManifest.xml:12:17-124
75                android:value="com.google.firebase.components.ComponentRegistrar" />
75-->[:firebase_core] AndroidManifest.xml:13:17-82
76            <meta-data
76-->[com.google.firebase:firebase-auth:22.1.2] AndroidManifest.xml:69:13-71:85
77                android:name="com.google.firebase.components:com.google.firebase.auth.FirebaseAuthRegistrar"
77-->[com.google.firebase:firebase-auth:22.1.2] AndroidManifest.xml:70:17-109
78                android:value="com.google.firebase.components.ComponentRegistrar" />
78-->[com.google.firebase:firebase-auth:22.1.2] AndroidManifest.xml:71:17-82
79            <meta-data
79-->[com.google.android.gms:play-services-measurement-api:21.3.0] AndroidManifest.xml:31:13-33:85
80                android:name="com.google.firebase.components:com.google.firebase.analytics.connector.internal.AnalyticsConnectorRegistrar"
80-->[com.google.android.gms:play-services-measurement-api:21.3.0] AndroidManifest.xml:32:17-139
81                android:value="com.google.firebase.components.ComponentRegistrar" />
81-->[com.google.android.gms:play-services-measurement-api:21.3.0] AndroidManifest.xml:33:17-82
82            <meta-data
82-->[com.google.firebase:firebase-installations:17.1.4] AndroidManifest.xml:15:13-17:85
83                android:name="com.google.firebase.components:com.google.firebase.installations.FirebaseInstallationsRegistrar"
83-->[com.google.firebase:firebase-installations:17.1.4] AndroidManifest.xml:16:17-127
84                android:value="com.google.firebase.components.ComponentRegistrar" />
84-->[com.google.firebase:firebase-installations:17.1.4] AndroidManifest.xml:17:17-82
85        </service>
86
87        <provider
87-->[:image_picker_android] AndroidManifest.xml:10:9-18:20
88            android:name="io.flutter.plugins.imagepicker.ImagePickerFileProvider"
88-->[:image_picker_android] AndroidManifest.xml:11:13-82
89            android:authorities="com.example.jct.flutter.image_provider"
89-->[:image_picker_android] AndroidManifest.xml:12:13-74
90            android:exported="false"
90-->[:image_picker_android] AndroidManifest.xml:13:13-37
91            android:grantUriPermissions="true" >
91-->[:image_picker_android] AndroidManifest.xml:14:13-47
92            <meta-data
92-->[:image_picker_android] AndroidManifest.xml:15:13-17:75
93                android:name="android.support.FILE_PROVIDER_PATHS"
93-->[:image_picker_android] AndroidManifest.xml:16:17-67
94                android:resource="@xml/flutter_image_picker_file_paths" />
94-->[:image_picker_android] AndroidManifest.xml:17:17-72
95        </provider>
96
97        <activity
97-->[com.google.firebase:firebase-auth:22.1.2] AndroidManifest.xml:29:9-46:20
98            android:name="com.google.firebase.auth.internal.GenericIdpActivity"
98-->[com.google.firebase:firebase-auth:22.1.2] AndroidManifest.xml:30:13-80
99            android:excludeFromRecents="true"
99-->[com.google.firebase:firebase-auth:22.1.2] AndroidManifest.xml:31:13-46
100            android:exported="true"
100-->[com.google.firebase:firebase-auth:22.1.2] AndroidManifest.xml:32:13-36
101            android:launchMode="singleTask"
101-->[com.google.firebase:firebase-auth:22.1.2] AndroidManifest.xml:33:13-44
102            android:theme="@android:style/Theme.Translucent.NoTitleBar" >
102-->[com.google.firebase:firebase-auth:22.1.2] AndroidManifest.xml:34:13-72
103            <intent-filter>
103-->[com.google.firebase:firebase-auth:22.1.2] AndroidManifest.xml:35:13-45:29
104                <action android:name="android.intent.action.VIEW" />
104-->[com.google.firebase:firebase-auth:22.1.2] AndroidManifest.xml:36:17-69
104-->[com.google.firebase:firebase-auth:22.1.2] AndroidManifest.xml:36:25-66
105
106                <category android:name="android.intent.category.DEFAULT" />
106-->[com.google.firebase:firebase-auth:22.1.2] AndroidManifest.xml:38:17-76
106-->[com.google.firebase:firebase-auth:22.1.2] AndroidManifest.xml:38:27-73
107                <category android:name="android.intent.category.BROWSABLE" />
107-->[com.google.firebase:firebase-auth:22.1.2] AndroidManifest.xml:39:17-78
107-->[com.google.firebase:firebase-auth:22.1.2] AndroidManifest.xml:39:27-75
108
109                <data
109-->[com.google.firebase:firebase-auth:22.1.2] AndroidManifest.xml:41:17-44:51
110                    android:host="firebase.auth"
110-->[com.google.firebase:firebase-auth:22.1.2] AndroidManifest.xml:42:21-49
111                    android:path="/"
111-->[com.google.firebase:firebase-auth:22.1.2] AndroidManifest.xml:43:21-37
112                    android:scheme="genericidp" />
112-->[com.google.firebase:firebase-auth:22.1.2] AndroidManifest.xml:44:21-48
113            </intent-filter>
114        </activity>
115        <activity
115-->[com.google.firebase:firebase-auth:22.1.2] AndroidManifest.xml:47:9-64:20
116            android:name="com.google.firebase.auth.internal.RecaptchaActivity"
116-->[com.google.firebase:firebase-auth:22.1.2] AndroidManifest.xml:48:13-79
117            android:excludeFromRecents="true"
117-->[com.google.firebase:firebase-auth:22.1.2] AndroidManifest.xml:49:13-46
118            android:exported="true"
118-->[com.google.firebase:firebase-auth:22.1.2] AndroidManifest.xml:50:13-36
119            android:launchMode="singleTask"
119-->[com.google.firebase:firebase-auth:22.1.2] AndroidManifest.xml:51:13-44
120            android:theme="@android:style/Theme.Translucent.NoTitleBar" >
120-->[com.google.firebase:firebase-auth:22.1.2] AndroidManifest.xml:52:13-72
121            <intent-filter>
121-->[com.google.firebase:firebase-auth:22.1.2] AndroidManifest.xml:53:13-63:29
122                <action android:name="android.intent.action.VIEW" />
122-->[com.google.firebase:firebase-auth:22.1.2] AndroidManifest.xml:36:17-69
122-->[com.google.firebase:firebase-auth:22.1.2] AndroidManifest.xml:36:25-66
123
124                <category android:name="android.intent.category.DEFAULT" />
124-->[com.google.firebase:firebase-auth:22.1.2] AndroidManifest.xml:38:17-76
124-->[com.google.firebase:firebase-auth:22.1.2] AndroidManifest.xml:38:27-73
125                <category android:name="android.intent.category.BROWSABLE" />
125-->[com.google.firebase:firebase-auth:22.1.2] AndroidManifest.xml:39:17-78
125-->[com.google.firebase:firebase-auth:22.1.2] AndroidManifest.xml:39:27-75
126
127                <data
127-->[com.google.firebase:firebase-auth:22.1.2] AndroidManifest.xml:41:17-44:51
128                    android:host="firebase.auth"
128-->[com.google.firebase:firebase-auth:22.1.2] AndroidManifest.xml:42:21-49
129                    android:path="/"
129-->[com.google.firebase:firebase-auth:22.1.2] AndroidManifest.xml:43:21-37
130                    android:scheme="recaptcha" />
130-->[com.google.firebase:firebase-auth:22.1.2] AndroidManifest.xml:44:21-48
131            </intent-filter>
132        </activity>
133        <activity
133-->[com.google.android.gms:play-services-auth:20.4.0] AndroidManifest.xml:23:9-27:75
134            android:name="com.google.android.gms.auth.api.signin.internal.SignInHubActivity"
134-->[com.google.android.gms:play-services-auth:20.4.0] AndroidManifest.xml:24:13-93
135            android:excludeFromRecents="true"
135-->[com.google.android.gms:play-services-auth:20.4.0] AndroidManifest.xml:25:13-46
136            android:exported="false"
136-->[com.google.android.gms:play-services-auth:20.4.0] AndroidManifest.xml:26:13-37
137            android:theme="@android:style/Theme.Translucent.NoTitleBar" />
137-->[com.google.android.gms:play-services-auth:20.4.0] AndroidManifest.xml:27:13-72
138        <!--
139            Service handling Google Sign-In user revocation. For apps that do not integrate with
140            Google Sign-In, this service will never be started.
141        -->
142        <service
142-->[com.google.android.gms:play-services-auth:20.4.0] AndroidManifest.xml:33:9-37:51
143            android:name="com.google.android.gms.auth.api.signin.RevocationBoundService"
143-->[com.google.android.gms:play-services-auth:20.4.0] AndroidManifest.xml:34:13-89
144            android:exported="true"
144-->[com.google.android.gms:play-services-auth:20.4.0] AndroidManifest.xml:35:13-36
145            android:permission="com.google.android.gms.auth.api.signin.permission.REVOCATION_NOTIFICATION"
145-->[com.google.android.gms:play-services-auth:20.4.0] AndroidManifest.xml:36:13-107
146            android:visibleToInstantApps="true" />
146-->[com.google.android.gms:play-services-auth:20.4.0] AndroidManifest.xml:37:13-48
147
148        <provider
148-->[com.google.firebase:firebase-common:20.3.3] AndroidManifest.xml:25:9-30:39
149            android:name="com.google.firebase.provider.FirebaseInitProvider"
149-->[com.google.firebase:firebase-common:20.3.3] AndroidManifest.xml:26:13-77
150            android:authorities="com.example.jct.firebaseinitprovider"
150-->[com.google.firebase:firebase-common:20.3.3] AndroidManifest.xml:27:13-72
151            android:directBootAware="true"
151-->[com.google.firebase:firebase-common:20.3.3] AndroidManifest.xml:28:13-43
152            android:exported="false"
152-->[com.google.firebase:firebase-common:20.3.3] AndroidManifest.xml:29:13-37
153            android:initOrder="100" />
153-->[com.google.firebase:firebase-common:20.3.3] AndroidManifest.xml:30:13-36
154
155        <receiver
155-->[com.google.android.gms:play-services-measurement:21.3.0] AndroidManifest.xml:29:9-33:20
156            android:name="com.google.android.gms.measurement.AppMeasurementReceiver"
156-->[com.google.android.gms:play-services-measurement:21.3.0] AndroidManifest.xml:30:13-85
157            android:enabled="true"
157-->[com.google.android.gms:play-services-measurement:21.3.0] AndroidManifest.xml:31:13-35
158            android:exported="false" >
158-->[com.google.android.gms:play-services-measurement:21.3.0] AndroidManifest.xml:32:13-37
159        </receiver>
160
161        <service
161-->[com.google.android.gms:play-services-measurement:21.3.0] AndroidManifest.xml:35:9-38:40
162            android:name="com.google.android.gms.measurement.AppMeasurementService"
162-->[com.google.android.gms:play-services-measurement:21.3.0] AndroidManifest.xml:36:13-84
163            android:enabled="true"
163-->[com.google.android.gms:play-services-measurement:21.3.0] AndroidManifest.xml:37:13-35
164            android:exported="false" />
164-->[com.google.android.gms:play-services-measurement:21.3.0] AndroidManifest.xml:38:13-37
165        <service
165-->[com.google.android.gms:play-services-measurement:21.3.0] AndroidManifest.xml:39:9-43:72
166            android:name="com.google.android.gms.measurement.AppMeasurementJobService"
166-->[com.google.android.gms:play-services-measurement:21.3.0] AndroidManifest.xml:40:13-87
167            android:enabled="true"
167-->[com.google.android.gms:play-services-measurement:21.3.0] AndroidManifest.xml:41:13-35
168            android:exported="false"
168-->[com.google.android.gms:play-services-measurement:21.3.0] AndroidManifest.xml:42:13-37
169            android:permission="android.permission.BIND_JOB_SERVICE" />
169-->[com.google.android.gms:play-services-measurement:21.3.0] AndroidManifest.xml:43:13-69
170
171        <activity
171-->[com.google.android.gms:play-services-base:18.0.1] AndroidManifest.xml:20:9-22:45
172            android:name="com.google.android.gms.common.api.GoogleApiActivity"
172-->[com.google.android.gms:play-services-base:18.0.1] AndroidManifest.xml:20:19-85
173            android:exported="false"
173-->[com.google.android.gms:play-services-base:18.0.1] AndroidManifest.xml:22:19-43
174            android:theme="@android:style/Theme.Translucent.NoTitleBar" />
174-->[com.google.android.gms:play-services-base:18.0.1] AndroidManifest.xml:21:19-78
175
176        <meta-data
176-->[com.google.android.gms:play-services-basement:18.1.0] AndroidManifest.xml:21:9-23:69
177            android:name="com.google.android.gms.version"
177-->[com.google.android.gms:play-services-basement:18.1.0] AndroidManifest.xml:22:13-58
178            android:value="@integer/google_play_services_version" />
178-->[com.google.android.gms:play-services-basement:18.1.0] AndroidManifest.xml:23:13-66
179
180        <uses-library
180-->[androidx.window:window:1.0.0-beta04] AndroidManifest.xml:25:9-27:40
181            android:name="androidx.window.extensions"
181-->[androidx.window:window:1.0.0-beta04] AndroidManifest.xml:26:13-54
182            android:required="false" />
182-->[androidx.window:window:1.0.0-beta04] AndroidManifest.xml:27:13-37
183        <uses-library
183-->[androidx.window:window:1.0.0-beta04] AndroidManifest.xml:28:9-30:40
184            android:name="androidx.window.sidecar"
184-->[androidx.window:window:1.0.0-beta04] AndroidManifest.xml:29:13-51
185            android:required="false" />
185-->[androidx.window:window:1.0.0-beta04] AndroidManifest.xml:30:13-37
186
187        <provider
187-->[androidx.profileinstaller:profileinstaller:1.3.0] AndroidManifest.xml:24:9-32:20
188            android:name="androidx.startup.InitializationProvider"
188-->[androidx.profileinstaller:profileinstaller:1.3.0] AndroidManifest.xml:25:13-67
189            android:authorities="com.example.jct.androidx-startup"
189-->[androidx.profileinstaller:profileinstaller:1.3.0] AndroidManifest.xml:26:13-68
190            android:exported="false" >
190-->[androidx.profileinstaller:profileinstaller:1.3.0] AndroidManifest.xml:27:13-37
191            <meta-data
191-->[androidx.profileinstaller:profileinstaller:1.3.0] AndroidManifest.xml:29:13-31:52
192                android:name="androidx.profileinstaller.ProfileInstallerInitializer"
192-->[androidx.profileinstaller:profileinstaller:1.3.0] AndroidManifest.xml:30:17-85
193                android:value="androidx.startup" />
193-->[androidx.profileinstaller:profileinstaller:1.3.0] AndroidManifest.xml:31:17-49
194        </provider>
195
196        <receiver
196-->[androidx.profileinstaller:profileinstaller:1.3.0] AndroidManifest.xml:34:9-52:20
197            android:name="androidx.profileinstaller.ProfileInstallReceiver"
197-->[androidx.profileinstaller:profileinstaller:1.3.0] AndroidManifest.xml:35:13-76
198            android:directBootAware="false"
198-->[androidx.profileinstaller:profileinstaller:1.3.0] AndroidManifest.xml:36:13-44
199            android:enabled="true"
199-->[androidx.profileinstaller:profileinstaller:1.3.0] AndroidManifest.xml:37:13-35
200            android:exported="true"
200-->[androidx.profileinstaller:profileinstaller:1.3.0] AndroidManifest.xml:38:13-36
201            android:permission="android.permission.DUMP" >
201-->[androidx.profileinstaller:profileinstaller:1.3.0] AndroidManifest.xml:39:13-57
202            <intent-filter>
202-->[androidx.profileinstaller:profileinstaller:1.3.0] AndroidManifest.xml:40:13-42:29
203                <action android:name="androidx.profileinstaller.action.INSTALL_PROFILE" />
203-->[androidx.profileinstaller:profileinstaller:1.3.0] AndroidManifest.xml:41:17-91
203-->[androidx.profileinstaller:profileinstaller:1.3.0] AndroidManifest.xml:41:25-88
204            </intent-filter>
205            <intent-filter>
205-->[androidx.profileinstaller:profileinstaller:1.3.0] AndroidManifest.xml:43:13-45:29
206                <action android:name="androidx.profileinstaller.action.SKIP_FILE" />
206-->[androidx.profileinstaller:profileinstaller:1.3.0] AndroidManifest.xml:44:17-85
206-->[androidx.profileinstaller:profileinstaller:1.3.0] AndroidManifest.xml:44:25-82
207            </intent-filter>
208            <intent-filter>
208-->[androidx.profileinstaller:profileinstaller:1.3.0] AndroidManifest.xml:46:13-48:29
209                <action android:name="androidx.profileinstaller.action.SAVE_PROFILE" />
209-->[androidx.profileinstaller:profileinstaller:1.3.0] AndroidManifest.xml:47:17-88
209-->[androidx.profileinstaller:profileinstaller:1.3.0] AndroidManifest.xml:47:25-85
210            </intent-filter>
211            <intent-filter>
211-->[androidx.profileinstaller:profileinstaller:1.3.0] AndroidManifest.xml:49:13-51:29
212                <action android:name="androidx.profileinstaller.action.BENCHMARK_OPERATION" />
212-->[androidx.profileinstaller:profileinstaller:1.3.0] AndroidManifest.xml:50:17-95
212-->[androidx.profileinstaller:profileinstaller:1.3.0] AndroidManifest.xml:50:25-92
213            </intent-filter>
214        </receiver>
215    </application>
216
217</manifest>